

***********************************************************************
Fatal NI connect error 12170.

  VERSION INFORMATION:
	TNS for MacOS X Server: Version 10.2.0.4.0 - Production
	TCP/IP NT Protocol Adapter for MacOS X Server: Version 10.2.0.4.0 - Production
  Time: 01-JAN-2013 08:48:33
  Tracing not turned on.
  Tns error struct:
    ns main err code: 12535
    TNS-12535: Message 12535 not found; No message file for product=network, facility=TNS
    ns secondary err code: 12560
    nt main err code: 505
    TNS-00505: Message 505 not found; No message file for product=network, facility=TNS
    nt secondary err code: 60
    nt OS err code: 0


***********************************************************************
Fatal NI connect error 12170.

  VERSION INFORMATION:
	TNS for MacOS X Server: Version 10.2.0.4.0 - Production
	TCP/IP NT Protocol Adapter for MacOS X Server: Version 10.2.0.4.0 - Production
  Time: 01-JAN-2013 08:57:53
  Tracing not turned on.
  Tns error struct:
    ns main err code: 12535
    TNS-12535: Message 12535 not found; No message file for product=network, facility=TNS
    ns secondary err code: 12560
    nt main err code: 505
    TNS-00505: Message 505 not found; No message file for product=network, facility=TNS
    nt secondary err code: 60
    nt OS err code: 0


***********************************************************************
Fatal NI connect error 12170.

  VERSION INFORMATION:
	TNS for MacOS X Server: Version 10.2.0.4.0 - Production
	TCP/IP NT Protocol Adapter for MacOS X Server: Version 10.2.0.4.0 - Production
  Time: 02-JAN-2013 11:02:27
  Tracing not turned on.
  Tns error struct:
    ns main err code: 12535
    TNS-12535: Message 12535 not found; No message file for product=network, facility=TNS
    ns secondary err code: 12560
    nt main err code: 505
    TNS-00505: Message 505 not found; No message file for product=network, facility=TNS
    nt secondary err code: 60
    nt OS err code: 0


***********************************************************************
Fatal NI connect error 12541, connecting to:
 (DESCRIPTION=(ADDRESS=(PROTOCOL=TCP)(HOST=192.168.39.153)(PORT=1521))(CONNECT_DATA=(SERVICE_NAME=sample)(CID=(PROGRAM=4D)(HOST=miyako-no-MacBook-Pro-Retina.local)(USER=miyako))))

  VERSION INFORMATION:
	TNS for MacOS X Server: Version 10.2.0.4.0 - Production
	TCP/IP NT Protocol Adapter for MacOS X Server: Version 10.2.0.4.0 - Production
  Time: 04-JAN-2013 13:20:38
  Tracing not turned on.
  Tns error struct:
    ns main err code: 12541
    TNS-12541: Message 12541 not found; No message file for product=network, facility=TNS
    ns secondary err code: 12560
    nt main err code: 511
    TNS-00511: Message 511 not found; No message file for product=network, facility=TNS
    nt secondary err code: 61
    nt OS err code: 0


***********************************************************************
Fatal NI connect error 12541, connecting to:
 (DESCRIPTION=(ADDRESS=(PROTOCOL=TCP)(HOST=192.168.39.153)(PORT=1521))(CONNECT_DATA=(SERVICE_NAME=sample)(CID=(PROGRAM=4D)(HOST=miyako-no-MacBook-Pro-Retina.local)(USER=miyako))))

  VERSION INFORMATION:
	TNS for MacOS X Server: Version 10.2.0.4.0 - Production
	TCP/IP NT Protocol Adapter for MacOS X Server: Version 10.2.0.4.0 - Production
  Time: 04-JAN-2013 13:20:54
  Tracing not turned on.
  Tns error struct:
    ns main err code: 12541
    TNS-12541: Message 12541 not found; No message file for product=network, facility=TNS
    ns secondary err code: 12560
    nt main err code: 511
    TNS-00511: Message 511 not found; No message file for product=network, facility=TNS
    nt secondary err code: 61
    nt OS err code: 0


***********************************************************************
Fatal NI connect error 12541, connecting to:
 (DESCRIPTION=(ADDRESS=(PROTOCOL=TCP)(HOST=192.168.1.174)(PORT=1521))(CONNECT_DATA=(SERVICE_NAME=sample)(CID=(PROGRAM=4D)(HOST=miyako-no-MacBook-Pro-Retina.local)(USER=miyako))))

  VERSION INFORMATION:
	TNS for MacOS X Server: Version 10.2.0.4.0 - Production
	TCP/IP NT Protocol Adapter for MacOS X Server: Version 10.2.0.4.0 - Production
  Time: 04-JAN-2013 13:25:10
  Tracing not turned on.
  Tns error struct:
    ns main err code: 12541
    TNS-12541: Message 12541 not found; No message file for product=network, facility=TNS
    ns secondary err code: 12560
    nt main err code: 511
    TNS-00511: Message 511 not found; No message file for product=network, facility=TNS
    nt secondary err code: 61
    nt OS err code: 0


***********************************************************************
Fatal NI connect error 12541, connecting to:
 (DESCRIPTION=(ADDRESS=(PROTOCOL=TCP)(HOST=192.168.39.153)(PORT=1521))(CONNECT_DATA=(SERVICE_NAME=sample)(CID=(PROGRAM=4D)(HOST=miyako-no-MacBook-Pro-Retina.local)(USER=miyako))))

  VERSION INFORMATION:
	TNS for MacOS X Server: Version 10.2.0.4.0 - Production
	TCP/IP NT Protocol Adapter for MacOS X Server: Version 10.2.0.4.0 - Production
  Time: 04-JAN-2013 13:26:50
  Tracing not turned on.
  Tns error struct:
    ns main err code: 12541
    TNS-12541: Message 12541 not found; No message file for product=network, facility=TNS
    ns secondary err code: 12560
    nt main err code: 511
    TNS-00511: Message 511 not found; No message file for product=network, facility=TNS
    nt secondary err code: 61
    nt OS err code: 0


***********************************************************************
Fatal NI connect error 12541, connecting to:
 (DESCRIPTION=(ADDRESS=(PROTOCOL=TCP)(HOST=192.168.39.153)(PORT=1521))(CONNECT_DATA=(SERVICE_NAME=sample)(CID=(PROGRAM=4D)(HOST=miyako-no-MacBook-Pro-Retina.local)(USER=miyako))))

  VERSION INFORMATION:
	TNS for MacOS X Server: Version 10.2.0.4.0 - Production
	TCP/IP NT Protocol Adapter for MacOS X Server: Version 10.2.0.4.0 - Production
  Time: 04-JAN-2013 13:27:09
  Tracing not turned on.
  Tns error struct:
    ns main err code: 12541
    TNS-12541: Message 12541 not found; No message file for product=network, facility=TNS
    ns secondary err code: 12560
    nt main err code: 511
    TNS-00511: Message 511 not found; No message file for product=network, facility=TNS
    nt secondary err code: 61
    nt OS err code: 0


***********************************************************************
Fatal NI connect error 12541, connecting to:
 (DESCRIPTION=(ADDRESS=(PROTOCOL=TCP)(HOST=192.168.39.139)(PORT=1521))(CONNECT_DATA=(SERVICE_NAME=sample)(CID=(PROGRAM=4D)(HOST=miyako-no-MacBook-Pro-Retina.local)(USER=miyako))))

  VERSION INFORMATION:
	TNS for MacOS X Server: Version 10.2.0.4.0 - Production
	TCP/IP NT Protocol Adapter for MacOS X Server: Version 10.2.0.4.0 - Production
  Time: 14-JAN-2013 14:21:44
  Tracing not turned on.
  Tns error struct:
    ns main err code: 12541
    TNS-12541: Message 12541 not found; No message file for product=network, facility=TNS
    ns secondary err code: 12560
    nt main err code: 511
    TNS-00511: Message 511 not found; No message file for product=network, facility=TNS
    nt secondary err code: 61
    nt OS err code: 0


***********************************************************************
Fatal NI connect error 12541, connecting to:
 (DESCRIPTION=(ADDRESS=(PROTOCOL=TCP)(HOST=192.168.39.145)(PORT=1521))(CONNECT_DATA=(SERVICE_NAME=sample)(CID=(PROGRAM=4D)(HOST=miyako-no-MacBook-Pro-Retina.local)(USER=miyako))))

  VERSION INFORMATION:
	TNS for MacOS X Server: Version 10.2.0.4.0 - Production
	TCP/IP NT Protocol Adapter for MacOS X Server: Version 10.2.0.4.0 - Production
  Time: 15-JAN-2013 10:31:47
  Tracing not turned on.
  Tns error struct:
    ns main err code: 12541
    TNS-12541: Message 12541 not found; No message file for product=network, facility=TNS
    ns secondary err code: 12560
    nt main err code: 511
    TNS-00511: Message 511 not found; No message file for product=network, facility=TNS
    nt secondary err code: 61
    nt OS err code: 0
